#
# There is insufficient memory for the Java Runtime Environment to continue.
# Native memory allocation (mmap) failed to map 117440512 bytes for Failed to commit area from 0x0000000091200000 to 0x0000000098200000 of length 117440512.
# Possible reasons:
#   The system is out of physical RAM or swap space
#   The process is running with CompressedOops enabled, and the Java Heap may be blocking the growth of the native heap
# Possible solutions:
#   Reduce memory load on the system
#   Increase physical memory or swap space
#   Check if swap backing store is full
#   Decrease Java heap size (-Xmx/-Xms)
#   Decrease number of Java threads
#   Decrease Java thread stack sizes (-Xss)
#   Set larger code cache with -XX:ReservedCodeCacheSize=
#   JVM is running with Unscaled Compressed Oops mode in which the Java heap is
#     placed in the first 4GB address space. The Java Heap base address is the
#     maximum limit for the native heap growth. Please use -XX:HeapBaseMinAddress
#     to set the Java Heap base and to place the Java Heap above 4GB virtual address.
# This output file may be truncated or incomplete.
#
#  Out of Memory Error (./open/src/hotspot/os/windows/os_windows.cpp:3315), pid=13132, tid=6348
#
# JRE version:  (14.0.1+7) (build )
# Java VM: Java HotSpot(TM) 64-Bit Server VM (14.0.1+7, mixed mode, sharing, tiered, compressed oops, g1 gc, windows-amd64)
# No core dump will be written. Minidumps are not enabled by default on client versions of Windows
#

---------------  S U M M A R Y ------------

Command Line: -javaagent:E:\IntelliJ IDEA Community Edition 2020.1.1\lib\idea_rt.jar=54282:E:\IntelliJ IDEA Community Edition 2020.1.1\bin -Dfile.encoding=UTF-8 AnnaRed.HelloWorld

Host: AMD A8-7410 APU with AMD Radeon R5 Graphics    , 4 cores, 6G,  Windows 10 , 64 bit Build 18362 (10.0.18362.778)
Time: Thu May 14 23:19:46 2020 RTZ 2 (ceia) elapsed time: 0 seconds (0d 0h 0m 0s)

---------------  T H R E A D  ---------------

Current thread (0x000001caedc31800):  JavaThread "Unknown thread" [_thread_in_vm, id=6348, stack(0x0000005b88d00000,0x0000005b88e00000)]

Stack: [0x0000005b88d00000,0x0000005b88e00000]
Native frames: (J=compiled Java code, j=interpreted, Vv=VM code, C=native code)
V  [jvm.dll+0x5f840a]
V  [jvm.dll+0x741e4a]
V  [jvm.dll+0x7435ff]
V  [jvm.dll+0x743c43]
V  [jvm.dll+0x20d288]
V  [jvm.dll+0x5f57ba]
V  [jvm.dll+0x5ea615]
V  [jvm.dll+0x2c7e9c]
V  [jvm.dll+0x2c7cd2]
V  [jvm.dll+0x2cdbbc]
V  [jvm.dll+0x313ff8]
V  [jvm.dll+0x313720]
V  [jvm.dll+0x2a092a]
V  [jvm.dll+0x2a1a79]
V  [jvm.dll+0x71f718]
V  [jvm.dll+0x321c44]
V  [jvm.dll+0x700b0c]
V  [jvm.dll+0x392dff]
V  [jvm.dll+0x394e71]
C  [jli.dll+0x523b]
C  [ucrtbase.dll+0x20e82]
C  [KERNEL32.DLL+0x17bd4]
C  [ntdll.dll+0x6ce51]


---------------  P R O C E S S  ---------------

Threads class SMR info:
_java_thread_list=0x00007ffed0433078, length=0, elements={
}

Java Threads: ( => current thread )

Other Threads:
  0x000001caedc70000 GCTaskThread "GC Thread#0" [stack: 0x0000005b88e00000,0x0000005b88f00000] [id=1448]
  0x000001caedc81800 ConcurrentGCThread "G1 Main Marker" [stack: 0x0000005b88f00000,0x0000005b89000000] [id=14668]
  0x000001caedc82800 ConcurrentGCThread "G1 Conc#0" [stack: 0x0000005b89000000,0x0000005b89100000] [id=19152]

[error occurred during error reporting (printing all threads), id 0xc0000005, EXCEPTION_ACCESS_VIOLATION (0xc0000005) at pc=0x00007ffecfc61257]

VM state:not at safepoint (not fully initialized)

VM Mutex/Monitor currently owned by a thread:  ([mutex/lock_event])
[0x000001caedc2eef0] Heap_lock - owner thread: 0x000001caedc31800

Heap address: 0x0000000091200000, size: 1774 MB, Compressed Oops mode: 32-bit
Narrow klass base: 0x0000000000000000, Narrow klass shift: 0

GC Heap History (0 events):
No events

Deoptimization events (0 events):
No events

Classes unloaded (0 events):
No events

Classes redefined (0 events):
No events

Internal exceptions (0 events):
No events

Events (2 events):
Event: 0.098 Loaded shared library C:\Program Files\Java\jdk-14.0.1\bin\java.dll
Event: 0.099 Loaded shared library C:\Program Files\Java\jdk-14.0.1\bin\zip.dll


Dynamic libraries:
0x00007ff6c61e0000 - 0x00007ff6c61ef000 	C:\Program Files\Java\jdk-14.0.1\bin\java.exe
0x00007fff29fa0000 - 0x00007fff2a190000 	C:\WINDOWS\SYSTEM32\ntdll.dll
0x00007fff0a8e0000 - 0x00007fff0a934000 	C:\Program Files (x86)\AVG\Av\avghooka.dll
0x00007fff287b0000 - 0x00007fff28862000 	C:\WINDOWS\System32\KERNEL32.DLL
0x00007fff27930000 - 0x00007fff27bd4000 	C:\WINDOWS\System32\KERNELBASE.dll
0x00007fff27eb0000 - 0x00007fff27faa000 	C:\WINDOWS\System32\ucrtbase.dll
0x00007fff22480000 - 0x00007fff22498000 	C:\Program Files\Java\jdk-14.0.1\bin\jli.dll
0x00007fff290a0000 - 0x00007fff29143000 	C:\WINDOWS\System32\ADVAPI32.dll
0x00007fff29ae0000 - 0x00007fff29b7e000 	C:\WINDOWS\System32\msvcrt.dll
0x00007fff294c0000 - 0x00007fff29557000 	C:\WINDOWS\System32\sechost.dll
0x00007fff29b80000 - 0x00007fff29ca0000 	C:\WINDOWS\System32\RPCRT4.dll
0x00007fff29dc0000 - 0x00007fff29f54000 	C:\WINDOWS\System32\USER32.dll
0x00007fff27da0000 - 0x00007fff27dc1000 	C:\WINDOWS\System32\win32u.dll
0x00007fff29ca0000 - 0x00007fff29cc6000 	C:\WINDOWS\System32\GDI32.dll
0x00007fff27be0000 - 0x00007fff27d74000 	C:\WINDOWS\System32\gdi32full.dll
0x00007fff27fb0000 - 0x00007fff2804e000 	C:\WINDOWS\System32\msvcp_win.dll
0x00007fff21ae0000 - 0x00007fff21af5000 	C:\Program Files\Java\jdk-14.0.1\bin\VCRUNTIME140.dll
0x00007fff18a40000 - 0x00007fff18cc4000 	C:\WINDOWS\WinSxS\amd64_microsoft.windows.common-controls_6595b64144ccf1df_6.0.18362.836_none_e6c4b943130f18ed\COMCTL32.dll
0x00007fff28d60000 - 0x00007fff29096000 	C:\WINDOWS\System32\combase.dll
0x00007fff27760000 - 0x00007fff277e0000 	C:\WINDOWS\System32\bcryptPrimitives.dll
0x00007fff1e0c0000 - 0x00007fff1e0ca000 	C:\WINDOWS\SYSTEM32\VERSION.dll
0x00007fff29970000 - 0x00007fff2999e000 	C:\WINDOWS\System32\IMM32.DLL
0x00007fff1b140000 - 0x00007fff1b1db000 	C:\Program Files\Java\jdk-14.0.1\bin\msvcp140.dll
0x00007ffecf9b0000 - 0x00007ffed04ce000 	C:\Program Files\Java\jdk-14.0.1\bin\server\jvm.dll
0x00007fff28870000 - 0x00007fff28878000 	C:\WINDOWS\System32\PSAPI.DLL
0x00007fff22780000 - 0x00007fff227a4000 	C:\WINDOWS\SYSTEM32\WINMM.dll
0x00007fff22750000 - 0x00007fff2277d000 	C:\WINDOWS\SYSTEM32\WINMMBASE.dll
0x00007fff26f30000 - 0x00007fff26f7a000 	C:\WINDOWS\System32\cfgmgr32.dll
0x00007fff16ab0000 - 0x00007fff16ab9000 	C:\WINDOWS\SYSTEM32\WSOCK32.dll
0x00007fff29cd0000 - 0x00007fff29d3f000 	C:\WINDOWS\System32\WS2_32.dll
0x00007fff26ee0000 - 0x00007fff26ef1000 	C:\WINDOWS\System32\kernel.appcore.dll
0x00007fff224c0000 - 0x00007fff224ca000 	C:\Program Files\Java\jdk-14.0.1\bin\jimage.dll
0x00007fff1c040000 - 0x00007fff1c234000 	C:\WINDOWS\SYSTEM32\DBGHELP.DLL
0x00007fff1c010000 - 0x00007fff1c03a000 	C:\WINDOWS\SYSTEM32\dbgcore.DLL
0x00007fff1ee40000 - 0x00007fff1ee4e000 	C:\Program Files\Java\jdk-14.0.1\bin\instrument.dll
0x00007fff1ed00000 - 0x00007fff1ed25000 	C:\Program Files\Java\jdk-14.0.1\bin\java.dll
0x00007fff1ece0000 - 0x00007fff1ecf6000 	C:\Program Files\Java\jdk-14.0.1\bin\zip.dll

dbghelp: loaded successfully - version: 4.0.5 - missing functions: none
symbol engine: initialized successfully - sym options: 0x614 - pdb path: .;C:\Program Files\Java\jdk-14.0.1\bin;C:\WINDOWS\SYSTEM32;C:\Program Files (x86)\AVG\Av;C:\WINDOWS\WinSxS\amd64_microsoft.windows.common-controls_6595b64144ccf1df_6.0.18362.836_none_e6c4b943130f18ed;C:\Program Files\Java\jdk-14.0.1\bin\server

VM Arguments:
jvm_args: -javaagent:E:\IntelliJ IDEA Community Edition 2020.1.1\lib\idea_rt.jar=54282:E:\IntelliJ IDEA Community Edition 2020.1.1\bin -Dfile.encoding=UTF-8 
java_command: AnnaRed.HelloWorld
java_class_path (initial): C:\Users\Evgeny Agureev\IdeaProjects\Anna\out\production\Anna
Launcher Type: SUN_STANDARD

[Global flags]
     intx CICompilerCount                          = 3                                         {product} {ergonomic}
     uint ConcGCThreads                            = 1                                         {product} {ergonomic}
     uint G1ConcRefinementThreads                  = 4                                         {product} {ergonomic}
   size_t G1HeapRegionSize                         = 1048576                                   {product} {ergonomic}
    uintx GCDrainStackTargetSize                   = 64                                        {product} {ergonomic}
   size_t InitialHeapSize                          = 117440512                                 {product} {ergonomic}
   size_t MarkStackSize                            = 4194304                                   {product} {ergonomic}
   size_t MaxHeapSize                              = 1860173824                                {product} {ergonomic}
   size_t MinHeapDeltaBytes                        = 1048576                                   {product} {ergonomic}
   size_t MinHeapSize                              = 8388608                                   {product} {ergonomic}
    uintx NonNMethodCodeHeapSize                   = 5832780                                {pd product} {ergonomic}
    uintx NonProfiledCodeHeapSize                  = 122912730                              {pd product} {ergonomic}
    uintx ProfiledCodeHeapSize                     = 122912730                              {pd product} {ergonomic}
    uintx ReservedCodeCacheSize                    = 251658240                              {pd product} {ergonomic}
     bool SegmentedCodeCache                       = true                                      {product} {ergonomic}
   size_t SoftMaxHeapSize                          = 1860173824                             {manageable} {ergonomic}
     bool UseCompressedClassPointers               = true                                 {lp64_product} {ergonomic}
     bool UseCompressedOops                        = true                                 {lp64_product} {ergonomic}
     bool UseG1GC                                  = true                                      {product} {ergonomic}
     bool UseLargePagesIndividualAllocation        = false                                  {pd product} {ergonomic}

Logging:
Log output configuration:
 #0: stdout all=warning uptime,level,tags
 #1: stderr all=off uptime,level,tags

Environment Variables:
PATH=C:\WINDOWS\system32;C:\WINDOWS;C:\WINDOWS\System32\Wbem;C:\WINDOWS\System32\WindowsPowerShell\v1.0\;C:\WINDOWS\System32\OpenSSH\;C:\Users\Evgeny Agureev\AppData\Local\Microsoft\WindowsApps;
USERNAME=Evgeny Agureev
OS=Windows_NT
PROCESSOR_IDENTIFIER=AMD64 Family 22 Model 48 Stepping 1, AuthenticAMD



---------------  S Y S T E M  ---------------

OS: Windows 10 , 64 bit Build 18362 (10.0.18362.778)
OS uptime: 0 days 10:38 hours

CPU:total 4 (initial active 4) (4 cores per cpu, 1 threads per core) family 22 model 48 stepping 1, cmov, cx8, fxsr, mmx, sse, sse2, sse3, ssse3, sse4.1, sse4.2, popcnt, avx, aes, clmul, mmxext, 3dnowpref, lzcnt, sse4a, tsc, tscinvbit, tscinv, bmi1

Memory: 4k page, system-wide physical 7094M (1287M free)
TotalPageFile size 8876M (AvailPageFile size 57M)
current process WorkingSet (physical memory assigned to process): 10M, peak: 10M
current process commit charge ("private bytes"): 52M, peak: 164M

vm_info: Java HotSpot(TM) 64-Bit Server VM (14.0.1+7) for windows-amd64 JRE (14.0.1+7), built on Mar  5 2020 10:30:14 by "mach5one" with MS VC++ 15.9 (VS2017)

END.
